<?xml version="1.0" encoding="UTF-8"?>
<!-- Generated by org.testng.reporters.JUnitReportReporter -->
<testsuite hostname="LAPTOP-7PKIKAJ1" failures="0" tests="6" name="com.testcases.ActiTime.TC_1ActititmeLoginLogout" time="55.298" errors="0" timestamp="2023-12-19T17:12:34 IST" skipped="0">
  <testcase classname="com.testcases.ActiTime.TC_1ActititmeLoginLogout" name="logout" time="7.787"/>
  <system-out/>
  <testcase classname="com.testcases.ActiTime.TC_1ActititmeLoginLogout" name="login" time="9.530"/>
  <system-out/>
  <testcase classname="com.testcases.ActiTime.TC_1ActititmeLoginLogout" name="logout" time="9.417"/>
  <system-out/>
  <testcase classname="com.testcases.ActiTime.TC_1ActititmeLoginLogout" name="login" time="8.530"/>
  <system-out/>
  <testcase classname="com.testcases.ActiTime.TC_1ActititmeLoginLogout" name="logout" time="11.268"/>
  <system-out/>
  <testcase classname="com.testcases.ActiTime.TC_1ActititmeLoginLogout" name="login" time="8.766"/>
  <system-out/>
</testsuite> <!-- com.testcases.ActiTime.TC_1ActititmeLoginLogout -->
