<?xml version="1.0" encoding="UTF-8"?>
<!-- Generated by org.testng.reporters.JUnitReportReporter -->
<testsuite hostname="LAPTOP-7PKIKAJ1" failures="0" tests="6" name="com.testcases.ActiTime.TC_1ActititmeLoginLogout" time="55.724" errors="0" timestamp="2023-12-20T11:57:19 IST" skipped="0">
  <testcase classname="com.testcases.ActiTime.TC_1ActititmeLoginLogout" name="login" time="9.199"/>
  <system-out/>
  <testcase classname="com.testcases.ActiTime.TC_1ActititmeLoginLogout" name="login" time="8.802"/>
  <system-out/>
  <testcase classname="com.testcases.ActiTime.TC_1ActititmeLoginLogout" name="logout" time="10.287"/>
  <system-out/>
  <testcase classname="com.testcases.ActiTime.TC_1ActititmeLoginLogout" name="logout" time="9.434"/>
  <system-out/>
  <testcase classname="com.testcases.ActiTime.TC_1ActititmeLoginLogout" name="login" time="10.532"/>
  <system-out/>
  <testcase classname="com.testcases.ActiTime.TC_1ActititmeLoginLogout" name="logout" time="7.470"/>
  <system-out/>
</testsuite> <!-- com.testcases.ActiTime.TC_1ActititmeLoginLogout -->
